<?xml version="1.0" encoding="UTF-8"?>
<!-- Generated by org.testng.reporters.JUnitXMLReporter -->
<testsuite ignored="0" hostname="Admin" failures="0" tests="1" name="Test" time="13.288" errors="0" timestamp="2023-11-22T10:50:24 IST">
  <testcase classname="CommonUtils.BaseClass" name="@AfterMethod AMconfig" time="0.0">
    <failure type="java.lang.IllegalArgumentException" message="Element must be set">
      <![CDATA[java.lang.IllegalArgumentException: Element must be set
at org.openqa.selenium.internal.Require.nonNull(Require.java:60)
at org.openqa.selenium.interactions.PointerInput$Origin.fromElement(PointerInput.java:293)
at org.openqa.selenium.interactions.Actions.moveInTicks(Actions.java:351)
at org.openqa.selenium.interactions.Actions.moveToElement(Actions.java:330)
at CommonUtils.WebDriverUtils.mousehover(WebDriverUtils.java:55)
at CommonUtils.BaseClass.AMconfig(BaseClass.java:129)
at java.base/java.util.ArrayList.forEach(ArrayList.java:1511)
... Removed 30 stack frames]]>
    </failure>
  </testcase> <!-- @AfterMethod AMconfig -->
  <testcase classname="CommonUtils.BaseClass" name="@AfterClass ACconfig" time="0.0">
    <skipped/>
  </testcase> <!-- @AfterClass ACconfig -->
  <testcase classname="Basic.CreateOrganizationtestng" name="Organization" time="9.7"/>
</testsuite> <!-- Test -->
